mode: set
github.com/smartcontractkit/capabilities/cron/main.go:33.13,54.2 6 0
github.com/smartcontractkit/capabilities/cron/main.go:56.65,58.2 1 0
github.com/smartcontractkit/capabilities/cron/main.go:60.52,61.35 1 0
github.com/smartcontractkit/capabilities/cron/main.go:61.35,64.3 2 0
github.com/smartcontractkit/capabilities/cron/main.go:66.2,66.12 1 0
github.com/smartcontractkit/capabilities/cron/main.go:69.46,71.2 1 0
github.com/smartcontractkit/capabilities/cron/main.go:73.64,75.2 1 0
github.com/smartcontractkit/capabilities/cron/main.go:77.46,79.2 1 0
github.com/smartcontractkit/capabilities/cron/main.go:81.98,83.16 2 0
github.com/smartcontractkit/capabilities/cron/main.go:83.16,85.3 1 0
github.com/smartcontractkit/capabilities/cron/main.go:87.2,89.8 1 0
github.com/smartcontractkit/capabilities/cron/main.go:102.9,107.46 3 0
github.com/smartcontractkit/capabilities/cron/main.go:107.46,109.3 1 0
github.com/smartcontractkit/capabilities/cron/main.go:110.2,112.64 2 0
github.com/smartcontractkit/capabilities/cron/main.go:112.64,114.3 1 0
github.com/smartcontractkit/capabilities/cron/main.go:116.2,116.12 1 0
github.com/smartcontractkit/capabilities/cron/croncap/cron_trigger_generated.go:16.48,18.48 2 0
github.com/smartcontractkit/capabilities/cron/croncap/cron_trigger_generated.go:18.48,20.3 1 0
github.com/smartcontractkit/capabilities/cron/croncap/cron_trigger_generated.go:21.2,21.49 1 0
github.com/smartcontractkit/capabilities/cron/croncap/cron_trigger_generated.go:21.49,23.3 1 0
github.com/smartcontractkit/capabilities/cron/croncap/cron_trigger_generated.go:24.2,26.50 3 0
github.com/smartcontractkit/capabilities/cron/croncap/cron_trigger_generated.go:26.50,28.3 1 0
github.com/smartcontractkit/capabilities/cron/croncap/cron_trigger_generated.go:29.2,30.12 2 0
github.com/smartcontractkit/capabilities/cron/croncap/cron_trigger_generated.go:43.49,45.48 2 0
github.com/smartcontractkit/capabilities/cron/croncap/cron_trigger_generated.go:45.48,47.3 1 0
github.com/smartcontractkit/capabilities/cron/croncap/cron_trigger_generated.go:48.2,48.60 1 0
github.com/smartcontractkit/capabilities/cron/croncap/cron_trigger_generated.go:48.60,50.3 1 0
github.com/smartcontractkit/capabilities/cron/croncap/cron_trigger_generated.go:51.2,51.63 1 0
github.com/smartcontractkit/capabilities/cron/croncap/cron_trigger_generated.go:51.63,53.3 1 0
github.com/smartcontractkit/capabilities/cron/croncap/cron_trigger_generated.go:54.2,56.50 3 0
github.com/smartcontractkit/capabilities/cron/croncap/cron_trigger_generated.go:56.50,58.3 1 0
github.com/smartcontractkit/capabilities/cron/croncap/cron_trigger_generated.go:59.2,60.12 2 0
github.com/smartcontractkit/capabilities/cron/croncap/cron_trigger_generated.go:74.49,76.48 2 0
github.com/smartcontractkit/capabilities/cron/croncap/cron_trigger_generated.go:76.48,78.3 1 0
github.com/smartcontractkit/capabilities/cron/croncap/cron_trigger_generated.go:79.2,79.47 1 0
github.com/smartcontractkit/capabilities/cron/croncap/cron_trigger_generated.go:79.47,81.3 1 0
github.com/smartcontractkit/capabilities/cron/croncap/cron_trigger_generated.go:82.2,82.48 1 0
github.com/smartcontractkit/capabilities/cron/croncap/cron_trigger_generated.go:82.48,84.3 1 0
github.com/smartcontractkit/capabilities/cron/croncap/cron_trigger_generated.go:85.2,87.50 3 0
github.com/smartcontractkit/capabilities/cron/croncap/cron_trigger_generated.go:87.50,89.3 1 0
github.com/smartcontractkit/capabilities/cron/croncap/cron_trigger_generated.go:90.2,91.12 2 0
github.com/smartcontractkit/capabilities/cron/croncap/trigger_builders_generated.go:10.62,23.2 4 0
github.com/smartcontractkit/capabilities/cron/croncap/trigger_builders_generated.go:33.88,36.2 2 0
github.com/smartcontractkit/capabilities/cron/croncap/trigger_builders_generated.go:42.28,42.29 0 0
github.com/smartcontractkit/capabilities/cron/croncap/trigger_builders_generated.go:43.67,45.2 1 0
github.com/smartcontractkit/capabilities/cron/croncap/trigger_builders_generated.go:46.70,48.2 1 0
github.com/smartcontractkit/capabilities/cron/croncap/trigger_builders_generated.go:52.63,61.2 1 0
github.com/smartcontractkit/capabilities/cron/croncap/trigger_builders_generated.go:69.73,71.2 1 0
github.com/smartcontractkit/capabilities/cron/croncap/trigger_builders_generated.go:72.76,74.2 1 0
github.com/smartcontractkit/capabilities/cron/croncap/trigger_builders_generated.go:76.36,76.37 0 0
github.com/smartcontractkit/capabilities/cron/croncap/croncaptest/trigger_mock_generated.go:13.116,17.2 3 0
github.com/smartcontractkit/capabilities/cron/main.go:33.13,54.2 6 0
github.com/smartcontractkit/capabilities/cron/main.go:56.65,58.2 1 0
github.com/smartcontractkit/capabilities/cron/main.go:60.52,61.35 1 0
github.com/smartcontractkit/capabilities/cron/main.go:61.35,64.3 2 0
github.com/smartcontractkit/capabilities/cron/main.go:66.2,66.12 1 0
github.com/smartcontractkit/capabilities/cron/main.go:69.46,71.2 1 0
github.com/smartcontractkit/capabilities/cron/main.go:73.64,75.2 1 0
github.com/smartcontractkit/capabilities/cron/main.go:77.46,79.2 1 0
github.com/smartcontractkit/capabilities/cron/main.go:81.98,83.16 2 0
github.com/smartcontractkit/capabilities/cron/main.go:83.16,85.3 1 0
github.com/smartcontractkit/capabilities/cron/main.go:87.2,89.8 1 0
github.com/smartcontractkit/capabilities/cron/main.go:102.9,107.46 3 0
github.com/smartcontractkit/capabilities/cron/main.go:107.46,109.3 1 0
github.com/smartcontractkit/capabilities/cron/main.go:110.2,112.64 2 0
github.com/smartcontractkit/capabilities/cron/main.go:112.64,114.3 1 0
github.com/smartcontractkit/capabilities/cron/main.go:116.2,116.12 1 0
github.com/smartcontractkit/capabilities/cron/croncap/cron_trigger_generated.go:16.48,18.48 2 1
github.com/smartcontractkit/capabilities/cron/croncap/cron_trigger_generated.go:18.48,20.3 1 0
github.com/smartcontractkit/capabilities/cron/croncap/cron_trigger_generated.go:21.2,21.49 1 1
github.com/smartcontractkit/capabilities/cron/croncap/cron_trigger_generated.go:21.49,23.3 1 0
github.com/smartcontractkit/capabilities/cron/croncap/cron_trigger_generated.go:24.2,26.50 3 1
github.com/smartcontractkit/capabilities/cron/croncap/cron_trigger_generated.go:26.50,28.3 1 0
github.com/smartcontractkit/capabilities/cron/croncap/cron_trigger_generated.go:29.2,30.12 2 1
github.com/smartcontractkit/capabilities/cron/croncap/cron_trigger_generated.go:43.49,45.48 2 0
github.com/smartcontractkit/capabilities/cron/croncap/cron_trigger_generated.go:45.48,47.3 1 0
github.com/smartcontractkit/capabilities/cron/croncap/cron_trigger_generated.go:48.2,48.60 1 0
github.com/smartcontractkit/capabilities/cron/croncap/cron_trigger_generated.go:48.60,50.3 1 0
github.com/smartcontractkit/capabilities/cron/croncap/cron_trigger_generated.go:51.2,51.63 1 0
github.com/smartcontractkit/capabilities/cron/croncap/cron_trigger_generated.go:51.63,53.3 1 0
github.com/smartcontractkit/capabilities/cron/croncap/cron_trigger_generated.go:54.2,56.50 3 0
github.com/smartcontractkit/capabilities/cron/croncap/cron_trigger_generated.go:56.50,58.3 1 0
github.com/smartcontractkit/capabilities/cron/croncap/cron_trigger_generated.go:59.2,60.12 2 0
github.com/smartcontractkit/capabilities/cron/croncap/cron_trigger_generated.go:74.49,76.48 2 0
github.com/smartcontractkit/capabilities/cron/croncap/cron_trigger_generated.go:76.48,78.3 1 0
github.com/smartcontractkit/capabilities/cron/croncap/cron_trigger_generated.go:79.2,79.47 1 0
github.com/smartcontractkit/capabilities/cron/croncap/cron_trigger_generated.go:79.47,81.3 1 0
github.com/smartcontractkit/capabilities/cron/croncap/cron_trigger_generated.go:82.2,82.48 1 0
github.com/smartcontractkit/capabilities/cron/croncap/cron_trigger_generated.go:82.48,84.3 1 0
github.com/smartcontractkit/capabilities/cron/croncap/cron_trigger_generated.go:85.2,87.50 3 0
github.com/smartcontractkit/capabilities/cron/croncap/cron_trigger_generated.go:87.50,89.3 1 0
github.com/smartcontractkit/capabilities/cron/croncap/cron_trigger_generated.go:90.2,91.12 2 0
github.com/smartcontractkit/capabilities/cron/croncap/trigger_builders_generated.go:10.62,23.2 4 0
github.com/smartcontractkit/capabilities/cron/croncap/trigger_builders_generated.go:33.88,36.2 2 0
github.com/smartcontractkit/capabilities/cron/croncap/trigger_builders_generated.go:42.28,42.29 0 0
github.com/smartcontractkit/capabilities/cron/croncap/trigger_builders_generated.go:43.67,45.2 1 0
github.com/smartcontractkit/capabilities/cron/croncap/trigger_builders_generated.go:46.70,48.2 1 0
github.com/smartcontractkit/capabilities/cron/croncap/trigger_builders_generated.go:52.63,61.2 1 0
github.com/smartcontractkit/capabilities/cron/croncap/trigger_builders_generated.go:69.73,71.2 1 0
github.com/smartcontractkit/capabilities/cron/croncap/trigger_builders_generated.go:72.76,74.2 1 0
github.com/smartcontractkit/capabilities/cron/croncap/trigger_builders_generated.go:76.36,76.37 0 0
github.com/smartcontractkit/capabilities/cron/croncap/croncaptest/trigger_mock_generated.go:13.116,17.2 3 0
github.com/smartcontractkit/capabilities/cron/trigger/logger.go:15.54,17.2 1 1
github.com/smartcontractkit/capabilities/cron/trigger/logger.go:19.53,21.2 1 1
github.com/smartcontractkit/capabilities/cron/trigger/logger.go:22.53,24.2 1 0
github.com/smartcontractkit/capabilities/cron/trigger/logger.go:25.52,27.2 1 1
github.com/smartcontractkit/capabilities/cron/trigger/logger.go:28.52,30.2 1 0
github.com/smartcontractkit/capabilities/cron/trigger/monitor.go:45.38,47.2 1 1
github.com/smartcontractkit/capabilities/cron/trigger/monitor.go:50.100,52.2 1 1
github.com/smartcontractkit/capabilities/cron/trigger/monitor.go:55.108,57.2 1 1
github.com/smartcontractkit/capabilities/cron/trigger/store.go:21.32,25.2 1 1
github.com/smartcontractkit/capabilities/cron/trigger/store.go:27.74,32.2 4 1
github.com/smartcontractkit/capabilities/cron/trigger/store.go:34.64,38.2 3 1
github.com/smartcontractkit/capabilities/cron/trigger/store.go:40.65,44.2 3 1
github.com/smartcontractkit/capabilities/cron/trigger/store.go:46.47,50.2 3 1
github.com/smartcontractkit/capabilities/cron/trigger/trigger.go:62.29,72.20 6 1
github.com/smartcontractkit/capabilities/cron/trigger/trigger.go:72.20,74.3 1 1
github.com/smartcontractkit/capabilities/cron/trigger/trigger.go:74.8,76.3 1 1
github.com/smartcontractkit/capabilities/cron/trigger/trigger.go:77.2,78.16 2 1
github.com/smartcontractkit/capabilities/cron/trigger/trigger.go:78.16,80.3 1 0
github.com/smartcontractkit/capabilities/cron/trigger/trigger.go:82.2,95.3 2 1
github.com/smartcontractkit/capabilities/cron/trigger/trigger.go:100.146,101.23 1 1
github.com/smartcontractkit/capabilities/cron/trigger/trigger.go:101.23,103.3 1 0
github.com/smartcontractkit/capabilities/cron/trigger/trigger.go:104.2,105.52 2 1
github.com/smartcontractkit/capabilities/cron/trigger/trigger.go:105.52,107.3 1 0
github.com/smartcontractkit/capabilities/cron/trigger/trigger.go:110.2,111.16 2 1
github.com/smartcontractkit/capabilities/cron/trigger/trigger.go:111.16,113.3 1 0
github.com/smartcontractkit/capabilities/cron/trigger/trigger.go:114.2,114.50 1 1
github.com/smartcontractkit/capabilities/cron/trigger/trigger.go:114.50,116.3 1 0
github.com/smartcontractkit/capabilities/cron/trigger/trigger.go:118.2,119.8 2 1
github.com/smartcontractkit/capabilities/cron/trigger/trigger.go:119.8,121.3 1 1
github.com/smartcontractkit/capabilities/cron/trigger/trigger.go:123.2,131.10 5 1
github.com/smartcontractkit/capabilities/cron/trigger/trigger.go:131.10,133.11 2 1
github.com/smartcontractkit/capabilities/cron/trigger/trigger.go:133.11,137.5 2 0
github.com/smartcontractkit/capabilities/cron/trigger/trigger.go:138.4,143.27 4 1
github.com/smartcontractkit/capabilities/cron/trigger/trigger.go:143.27,145.5 1 0
github.com/smartcontractkit/capabilities/cron/trigger/trigger.go:145.10,147.5 1 1
github.com/smartcontractkit/capabilities/cron/trigger/trigger.go:149.4,150.25 2 1
github.com/smartcontractkit/capabilities/cron/trigger/trigger.go:150.25,154.5 1 0
github.com/smartcontractkit/capabilities/cron/trigger/trigger.go:155.4,161.11 2 1
github.com/smartcontractkit/capabilities/cron/trigger/trigger.go:162.32,162.32 0 1
github.com/smartcontractkit/capabilities/cron/trigger/trigger.go:163.12,171.22 3 0
github.com/smartcontractkit/capabilities/cron/trigger/trigger.go:171.22,173.6 1 0
github.com/smartcontractkit/capabilities/cron/trigger/trigger.go:177.2,177.24 1 1
github.com/smartcontractkit/capabilities/cron/trigger/trigger.go:177.24,179.3 1 0
github.com/smartcontractkit/capabilities/cron/trigger/trigger.go:182.2,183.16 2 1
github.com/smartcontractkit/capabilities/cron/trigger/trigger.go:183.16,186.3 2 1
github.com/smartcontractkit/capabilities/cron/trigger/trigger.go:188.2,189.16 2 1
github.com/smartcontractkit/capabilities/cron/trigger/trigger.go:189.16,195.3 3 0
github.com/smartcontractkit/capabilities/cron/trigger/trigger.go:197.2,205.24 4 1
github.com/smartcontractkit/capabilities/cron/trigger/trigger.go:208.114,225.16 7 1
github.com/smartcontractkit/capabilities/cron/trigger/trigger.go:225.16,229.3 1 0
github.com/smartcontractkit/capabilities/cron/trigger/trigger.go:231.2,237.3 1 1
github.com/smartcontractkit/capabilities/cron/trigger/trigger.go:240.109,242.9 2 1
github.com/smartcontractkit/capabilities/cron/trigger/trigger.go:242.9,244.3 1 1
github.com/smartcontractkit/capabilities/cron/trigger/trigger.go:246.2,249.24 2 1
github.com/smartcontractkit/capabilities/cron/trigger/trigger.go:249.24,251.3 1 0
github.com/smartcontractkit/capabilities/cron/trigger/trigger.go:252.2,253.16 2 1
github.com/smartcontractkit/capabilities/cron/trigger/trigger.go:253.16,255.3 1 0
github.com/smartcontractkit/capabilities/cron/trigger/trigger.go:258.2,264.12 5 1
github.com/smartcontractkit/capabilities/cron/trigger/trigger.go:268.52,269.24 1 1
github.com/smartcontractkit/capabilities/cron/trigger/trigger.go:269.24,271.3 1 1
github.com/smartcontractkit/capabilities/cron/trigger/trigger.go:273.2,275.55 2 1
github.com/smartcontractkit/capabilities/cron/trigger/trigger.go:275.55,282.17 3 1
github.com/smartcontractkit/capabilities/cron/trigger/trigger.go:282.17,284.4 1 0
github.com/smartcontractkit/capabilities/cron/trigger/trigger.go:287.2,291.12 3 1
github.com/smartcontractkit/capabilities/cron/trigger/trigger.go:297.33,298.24 1 1
github.com/smartcontractkit/capabilities/cron/trigger/trigger.go:298.24,300.3 1 0
github.com/smartcontractkit/capabilities/cron/trigger/trigger.go:302.2,303.16 2 1
github.com/smartcontractkit/capabilities/cron/trigger/trigger.go:303.16,305.3 1 0
github.com/smartcontractkit/capabilities/cron/trigger/trigger.go:309.2,315.12 4 1
github.com/smartcontractkit/capabilities/cron/trigger/trigger.go:318.33,320.2 1 0
github.com/smartcontractkit/capabilities/cron/trigger/trigger.go:322.51,324.2 1 0
github.com/smartcontractkit/capabilities/cron/trigger/trigger.go:326.33,328.2 1 1
